<?xml version="1.0" encoding="UTF-8"?>
<!-- Generated by org.testng.reporters.JUnitReportReporter -->
<testsuite hostname="ARAJPUT-QA" name="test.C" tests="1" failures="0" timestamp="23 Sep 2016 06:26:06 GMT" time="0.002" errors="0">
  <testcase name="sm" time="0.002" classname="test.C"/>
</testsuite> <!-- test.C -->
