<?xml version="1.0" encoding="UTF-8"?>
<!-- Generated by org.testng.reporters.JUnitReportReporter -->
<testsuite hostname="ARAJPUT-QA" name="test.A" tests="3" failures="0" timestamp="4 Oct 2016 12:57:51 GMT" time="0.010" errors="0">
  <testcase name="sm" time="0.001" classname="test.A"/>
  <testcase name="sum" time="0.008" classname="test.A"/>
  <testcase name="sm2" time="0.001" classname="test.A"/>
</testsuite> <!-- test.A -->
