<?xml version="1.0" encoding="UTF-8"?>
<!-- Generated by org.testng.reporters.JUnitReportReporter -->
<testsuite hostname="ARAJPUT-QA" name="test.NewTest" tests="1" failures="0" timestamp="4 Oct 2016 13:51:02 GMT" time="35.961" errors="0">
  <testcase name="A1" time="35.961" classname="test.NewTest"/>
</testsuite> <!-- test.NewTest -->
